20230131	11:20:45	28776830-4063-429d-9ec5-ee1b24da4daf	OPTIONS	/api/lists	undefined
20230131	11:20:45	2798079d-0503-4701-aada-f61d3f139a86	OPTIONS	/api/movies/random	undefined
20230131	11:20:45	744eec60-4be8-4336-9bd8-45914811e96d	GET	/api/movies/random	undefined
20230131	11:20:45	48dd84a0-bae4-47b4-9830-31c1184fb27a	GET	/api/lists	undefined
20230131	11:20:45	e86e8d29-c9ed-47e9-8b30-e22c45d3b6dd	OPTIONS	/api/movies/find/63d527cfa80ab072c3573c10	undefined
20230131	11:20:45	6e032808-878d-460b-b871-7acd44235a53	OPTIONS	/api/movies/find/63d528a2a80ab072c3573c1b	undefined
20230131	11:20:45	b94ff5fc-7bb7-4b0c-a631-e62dfa038658	OPTIONS	/api/movies/find/63d52961a80ab072c3573c1f	undefined
20230131	11:20:45	7cd0341b-c0a7-4a6b-97bd-ccecb6bfa166	OPTIONS	/api/movies/find/63d529c7a80ab072c3573c29	undefined
20230131	11:20:45	05c11bab-7d7a-44c9-823a-66634a8f7060	OPTIONS	/api/movies/find/63d52a63a80ab072c3573c30	undefined
20230131	11:20:45	b6b7fcfc-e93f-4f8f-bddb-e2b0aefcfefd	OPTIONS	/api/movies/find/63d52ddaa80ab072c3573c34	undefined
20230131	11:20:45	518ba20c-85ae-4d5d-8f91-8b6abd50490f	OPTIONS	/api/movies/find/63d524b0a80ab072c3573bb6	undefined
20230131	11:20:45	af9cdc6e-f09c-4420-99ed-a90d5c9fbc1f	OPTIONS	/api/movies/find/63d52527a80ab072c3573bc8	undefined
20230131	11:20:45	729ccd05-1f56-422b-a137-f0d20b75abf1	OPTIONS	/api/movies/find/63d5258ea80ab072c3573bd3	undefined
20230131	11:20:45	bbd1d721-56dd-4f32-bd4b-394cc279dcf4	OPTIONS	/api/movies/find/63d5266fa80ab072c3573c01	undefined
20230131	11:20:45	51ce19ff-2cdc-4e48-ba6f-98a0107290e1	OPTIONS	/api/movies/find/63d526e1a80ab072c3573c0a	undefined
20230131	11:20:45	bcf546bb-d3bb-4ccc-a793-221f31747040	OPTIONS	/api/movies/find/63d525fda80ab072c3573bef	undefined
20230131	11:20:45	27522ebf-6f5c-4bc1-813e-5be1761282d3	OPTIONS	/api/movies/find/63d52185a80ab072c3573adf	undefined
20230131	11:20:45	4f77ef37-cf7f-49ca-a38c-dbb2cdda630d	OPTIONS	/api/movies/find/63d52221a80ab072c3573b19	undefined
20230131	11:20:45	5c953640-e98e-44c5-8009-0bd1b9267a1f	OPTIONS	/api/movies/find/63d522ada80ab072c3573b48	undefined
20230131	11:20:45	4ebee225-507f-4ec4-8c4b-d4a84e931e68	OPTIONS	/api/movies/find/63d5234fa80ab072c3573b6a	undefined
20230131	11:20:45	412f17ce-f794-4cb7-9aa6-8fbc5ee2b236	OPTIONS	/api/movies/find/63d523ada80ab072c3573b8c	undefined
20230131	11:20:45	bccb3aaa-31f9-49c6-925e-5139c883b2d7	OPTIONS	/api/movies/find/63d52419a80ab072c3573baa	undefined
20230131	11:20:45	2261e37e-2d31-4c05-96ce-d84a35782b94	OPTIONS	/api/movies/find/63d52e68a80ab072c3573c45	undefined
20230131	11:20:45	b4bb6aa3-84c9-4e0b-af0c-f69d370f5ad2	OPTIONS	/api/movies/find/63d52ef8a80ab072c3573c4a	undefined
20230131	11:20:45	16b0e526-2697-41db-9804-83ce930ba72b	OPTIONS	/api/movies/find/63d52feca80ab072c3573c6e	undefined
20230131	11:20:45	bac7a99f-9cf7-4a75-9abc-f3f6ae2cc01f	OPTIONS	/api/movies/find/63d53064a80ab072c3573c7e	undefined
20230131	11:20:45	f3eb8ba0-131e-4551-b4eb-7c016cdcd693	OPTIONS	/api/movies/find/63d5182ba80ab072c3573a5c	undefined
20230131	11:20:45	259ecbe3-35c2-4de1-bd98-a3c114f790e1	OPTIONS	/api/movies/find/63d5311aa80ab072c3573c84	undefined
20230131	11:20:45	1ee8bc9d-af6f-4b25-bb62-4f41a1c3a6e6	OPTIONS	/api/movies/find/63d4f38f2d5d8a5a4ec75ef3	undefined
20230131	11:20:45	1be9f751-5000-46f5-a815-e1694482fd40	OPTIONS	/api/movies/find/63d5195ba80ab072c3573a6f	undefined
20230131	11:20:45	ce441808-8502-4d92-89b0-e68a3905cb3f	OPTIONS	/api/movies/find/63d51a63a80ab072c3573a79	undefined
20230131	11:20:45	5ca74b1a-12e3-4614-90ac-7f2357652cca	OPTIONS	/api/movies/find/63d519dda80ab072c3573a75	undefined
20230131	11:20:45	c2814cc6-29fb-43d2-a3d6-bed199620ded	GET	/api/movies/find/63d529c7a80ab072c3573c29	undefined
20230131	11:20:45	5b4f61e8-95ca-4a52-8d7c-82f6ba742105	GET	/api/movies/find/63d528a2a80ab072c3573c1b	undefined
20230131	11:20:45	3a16721a-29a9-41cb-bc11-7a83ea3c4dd9	OPTIONS	/api/movies/find/63d51b3fa80ab072c3573a86	undefined
20230131	11:20:45	20da4903-98e9-473f-bf11-da5ebb2cee8f	GET	/api/movies/find/63d527cfa80ab072c3573c10	undefined
20230131	11:20:45	ce7a7310-8a0a-484d-8d5c-7a7f0cac385e	GET	/api/movies/find/63d52ddaa80ab072c3573c34	undefined
20230131	11:20:45	c87b3104-b82a-4197-8c74-7c8e68039617	GET	/api/movies/find/63d52961a80ab072c3573c1f	undefined
20230131	11:20:45	afb4f903-718e-40f8-a6a7-5c6987db9119	GET	/api/movies/find/63d52a63a80ab072c3573c30	undefined
20230131	11:20:45	b6fe70f1-b11c-42ed-8e2a-c8a1b0168892	GET	/api/movies/find/63d524b0a80ab072c3573bb6	undefined
20230131	11:20:45	0d9119c7-8c61-474b-b87e-1283e6fd4ff2	GET	/api/movies/find/63d52527a80ab072c3573bc8	undefined
20230131	11:20:45	ec655064-d07e-4a3e-b638-1c6a3232a4f9	GET	/api/movies/find/63d5258ea80ab072c3573bd3	undefined
20230131	11:20:46	d930a2b0-b5bf-4a98-be9a-2bc5ee3d2c22	GET	/api/movies/find/63d5266fa80ab072c3573c01	undefined
20230131	11:20:46	3c66ce0f-9992-4f86-bd1c-48681705c5b5	GET	/api/movies/find/63d526e1a80ab072c3573c0a	undefined
20230131	11:20:46	0ff61295-656e-4b9f-824a-ac6bc43c32fa	OPTIONS	/api/movies/find/63d51dcaa80ab072c3573a99	undefined
20230131	11:20:46	32fc3357-8f86-4219-a587-9cea14c15cc6	GET	/api/movies/find/63d525fda80ab072c3573bef	undefined
20230131	11:20:46	1e8cbb81-fa91-43eb-b386-1855e2c6d6a6	OPTIONS	/api/movies/find/63d51ee6a80ab072c3573ab0	undefined
20230131	11:20:46	cf888f99-f675-4834-bda7-69c057c9eed4	OPTIONS	/api/movies/find/63d51f7fa80ab072c3573ab4	undefined
20230131	11:20:46	68548b75-71b9-4a8b-b7c1-c2cd1c5e2091	OPTIONS	/api/movies/find/63d51ff1a80ab072c3573abb	undefined
20230131	11:20:46	007de6e9-975e-435b-9cf0-23feb7eb0df7	GET	/api/movies/find/63d52185a80ab072c3573adf	undefined
20230131	11:20:46	9360b431-666c-44b3-8528-313c9b8e0885	GET	/api/movies/find/63d52221a80ab072c3573b19	undefined
20230131	11:20:46	a513ddbb-7435-4bb1-9dc2-8a86accc0d13	OPTIONS	/api/movies/find/63d5207ca80ab072c3573ad3	undefined
20230131	11:20:46	68d7434c-5a1a-4256-bcf7-2075658744db	GET	/api/movies/find/63d522ada80ab072c3573b48	undefined
20230131	11:20:46	d7235946-4beb-47af-aa5f-bc4a0ac9607f	OPTIONS	/api/movies/find/63d520f6a80ab072c3573adb	undefined
20230131	11:20:46	2ad8aec6-ee16-4968-b611-0a94fbf61735	OPTIONS	/api/movies/find/63d53229a80ab072c3573ca0	undefined
20230131	11:20:46	4e566c63-41c4-4af7-9cc5-570cf518e0c7	OPTIONS	/api/movies/find/63d532aba80ab072c3573cbe	undefined
20230131	11:20:46	d6557b52-8418-49c7-9e16-4ee13aec468c	OPTIONS	/api/movies/find/63d53306a80ab072c3573cc0	undefined
20230131	11:20:46	80ab3df9-ea7a-4de5-96ea-b8f041d0194c	OPTIONS	/api/movies/find/63d53367a80ab072c3573cc2	undefined
20230131	11:20:46	539d07ca-7aa9-4518-aa1e-17493721df5a	OPTIONS	/api/movies/find/63d53408a80ab072c3573cc4	undefined
20230131	11:20:46	28326834-e0f8-499f-b25f-46e20f0c3a0d	GET	/api/movies/find/63d523ada80ab072c3573b8c	undefined
20230131	11:20:46	4d00c1aa-3d78-41d2-b434-0d30829ad859	GET	/api/movies/find/63d5234fa80ab072c3573b6a	undefined
20230131	11:20:46	8d081f25-f0c7-4101-8d23-376d043035fd	OPTIONS	/api/movies/find/63d5ee8ed4150e4801141a0d	undefined
20230131	11:20:46	7dab355b-5223-4a96-b914-8a5c505655f5	GET	/api/movies/find/63d52419a80ab072c3573baa	undefined
20230131	11:20:46	f9a3e675-c49e-449a-9d64-1ee6ff8980a2	GET	/api/movies/find/63d52e68a80ab072c3573c45	undefined
20230131	11:20:46	54548e12-9a41-4909-a331-4c3fa160e572	GET	/api/movies/find/63d52ef8a80ab072c3573c4a	undefined
20230131	11:20:46	0c8c73f2-9335-42ce-acd2-497a0f67d2cf	GET	/api/movies/find/63d52feca80ab072c3573c6e	undefined
20230131	11:20:46	253afe80-ca24-4ea4-9766-072fb7c4021c	GET	/api/movies/find/63d53064a80ab072c3573c7e	undefined
20230131	11:20:46	4ebdfcc1-88af-4607-9bb9-3883822b435d	GET	/api/movies/find/63d5311aa80ab072c3573c84	undefined
20230131	11:20:46	5ceb7d98-1313-474f-ad67-b6050ef9fbc9	GET	/api/movies/find/63d4f38f2d5d8a5a4ec75ef3	undefined
20230131	11:20:46	23b32403-ccd3-4048-b000-8e0a5d27b06c	GET	/api/movies/find/63d5182ba80ab072c3573a5c	undefined
20230131	11:20:46	b377b2a2-ed3a-4a32-86ac-3598b641bb50	GET	/api/movies/find/63d5195ba80ab072c3573a6f	undefined
20230131	11:20:46	074be910-522a-4d88-8f98-dd319c173bdc	GET	/api/movies/find/63d519dda80ab072c3573a75	undefined
20230131	11:20:46	01f84459-6da3-4952-abf3-effc39c18f6c	GET	/api/movies/find/63d51a63a80ab072c3573a79	undefined
20230131	11:20:46	d34d688a-5415-4e82-9870-69ff539d2c11	GET	/api/movies/find/63d51b3fa80ab072c3573a86	undefined
20230131	11:20:46	1a6406ee-db58-4839-88e9-bc3c92dd8b90	GET	/api/movies/find/63d51dcaa80ab072c3573a99	undefined
20230131	11:20:46	d0276d1c-708a-45f1-8147-6c4539e6b58a	GET	/api/movies/find/63d51ee6a80ab072c3573ab0	undefined
20230131	11:20:46	2d8c5658-4572-48c6-9ef3-03a075473f04	GET	/api/movies/find/63d51f7fa80ab072c3573ab4	undefined
20230131	11:20:46	f7a36719-841d-4de8-b125-fbdf5e3fa22e	GET	/api/movies/find/63d51ff1a80ab072c3573abb	undefined
20230131	11:20:46	d7b6fa4c-269a-4a08-9395-fe67ca6fee7c	GET	/api/movies/find/63d5207ca80ab072c3573ad3	undefined
20230131	11:20:46	99bc341f-1834-41e3-95e1-77b1bea2943a	GET	/api/movies/find/63d520f6a80ab072c3573adb	undefined
20230131	11:20:46	35c2c9bd-a21e-42b9-99a6-c2c1a586ca22	GET	/api/movies/find/63d53229a80ab072c3573ca0	undefined
20230131	11:20:46	f000fcea-363e-47f4-83b1-ece091a796eb	GET	/api/movies/find/63d532aba80ab072c3573cbe	undefined
20230131	11:20:46	cba0013c-f8c5-485d-91c2-789bba3574bb	GET	/api/movies/find/63d53306a80ab072c3573cc0	undefined
20230131	11:20:46	ada43915-5557-4758-bf15-fdca1e245247	GET	/api/movies/find/63d53367a80ab072c3573cc2	undefined
20230131	11:20:46	bca049ce-a3ce-42e4-adbf-38fb3a3db86f	GET	/api/movies/find/63d53408a80ab072c3573cc4	undefined
20230131	11:20:46	948f8389-666e-468a-a3b5-6691448dbbd1	GET	/api/movies/find/63d5ee8ed4150e4801141a0d	undefined
